[2025-11-29 04:05:15 SAST] [INFO] Logger initialized - keeping logs for 14 days
[2025-11-29 04:05:15 SAST] [INFO] Server starting up...
[2025-11-29 04:06:13 SAST] [INFO] Logger initialized - keeping logs for 14 days
[2025-11-29 04:06:13 SAST] [INFO] Server starting up...
[2025-11-29 04:06:59 SAST] [INFO] Logger initialized - keeping logs for 14 days
[2025-11-29 04:06:59 SAST] [INFO] Server starting up...
[2025-11-29 04:09:05 SAST] [SCRAPE] Starting scrape attempt 1 of 3
[2025-11-29 04:09:05 SAST] [SCRAPE] Using User-Agent: Mozilla/5.0 (Windows NT 10.0; Win64; x64) AppleWeb...
[2025-11-29 04:09:06 SAST] [SCRAPE] Response received, status: 200
[2025-11-29 04:09:06 SAST] [SCRAPE] Found result for Powerball: 1, 3, 11, 17, 20, 25, 28, 28, 28, 29, 34, 34, 77 + 85
[2025-11-29 04:09:06 SAST] [SCRAPE] Found result for Powerball Plus: 11, 14, 16, 19, 20, 24, 25, 28, 29, 29, 31, 35, 40 + 21
[2025-11-29 04:09:06 SAST] [SCRAPE] Found result for Daily Lotto: 1, 7, 11, 19, 20, 24, 25, 26, 28, 32, 36, 81, 93
[2025-11-29 04:09:06 SAST] [SCRAPE] Found result for Daily Lotto Plus: 9, 11, 11, 20, 21, 25, 27, 28, 28, 35, 35, 36, 36
[2025-11-29 04:09:06 SAST] [SCRAPE] Found result for Lotto: 0, 4, 8, 11, 20, 22, 25, 25, 25, 26, 32, 33, 33, 36, 40
[2025-11-29 04:09:06 SAST] [SCRAPE] Found result for Lotto Plus 1: 1, 11, 12, 14, 20, 25, 26, 32, 35, 38, 38, 39, 42, 45 + 62
[2025-11-29 04:09:06 SAST] [SCRAPE] Found result for Lotto Plus 2: 11, 14, 20, 23, 25, 25, 26, 32, 38, 40, 46, 54, 57, 65 + 2
[2025-11-29 04:09:06 SAST] [SCRAPE] Successfully scraped 7 lottery results
[2025-11-29 04:09:24 SAST] [INFO] Logger initialized - keeping logs for 14 days
[2025-11-29 04:09:24 SAST] [INFO] Server starting up...
[2025-11-29 04:09:58 SAST] [INFO] Logger initialized - keeping logs for 14 days
[2025-11-29 04:09:58 SAST] [INFO] Server starting up...
[2025-11-29 04:30:37 SAST] [INFO] Logger initialized - keeping logs for 14 days
[2025-11-29 04:30:37 SAST] [INFO] Server starting up...
[2025-11-29 04:32:08 SAST] [INFO] Logger initialized - keeping logs for 14 days
[2025-11-29 04:32:08 SAST] [INFO] Server starting up...
[2025-11-29 04:34:05 SAST] [INFO] Logger initialized - keeping logs for 14 days
[2025-11-29 04:34:05 SAST] [INFO] Server starting up...
[2025-11-29 04:36:03 SAST] [INFO] Logger initialized - keeping logs for 14 days
[2025-11-29 04:36:03 SAST] [INFO] Server starting up...
[2025-11-29 04:36:55 SAST] [INFO] Logger initialized - keeping logs for 14 days
[2025-11-29 04:36:55 SAST] [INFO] Server starting up...
[2025-11-29 04:39:16 SAST] [INFO] Logger initialized - keeping logs for 14 days
[2025-11-29 04:39:16 SAST] [INFO] Server starting up...
[2025-11-29 05:02:33 SAST] [INFO] Logger initialized - keeping logs for 14 days
[2025-11-29 05:02:33 SAST] [INFO] Server starting up...
[2025-11-29 05:05:07 SAST] [INFO] Logger initialized - keeping logs for 14 days
[2025-11-29 05:05:07 SAST] [INFO] Server starting up...
[2025-11-29 05:06:47 SAST] [INFO] Logger initialized - keeping logs for 14 days
[2025-11-29 05:06:47 SAST] [INFO] Server starting up...
[2025-11-29 05:07:07 SAST] [INFO] Logger initialized - keeping logs for 14 days
[2025-11-29 05:07:07 SAST] [INFO] Server starting up...
[2025-11-29 05:07:33 SAST] [INFO] Logger initialized - keeping logs for 14 days
[2025-11-29 05:07:33 SAST] [INFO] Server starting up...
[2025-11-29 05:09:14 SAST] [INFO] Logger initialized - keeping logs for 14 days
[2025-11-29 05:09:14 SAST] [INFO] Server starting up...
[2025-11-29 06:09:07 SAST] [INFO] Logger initialized - keeping logs for 14 days
[2025-11-29 06:09:07 SAST] [INFO] Server starting up...
[2025-11-29 06:12:29 SAST] [INFO] Logger initialized - keeping logs for 14 days
[2025-11-29 06:12:29 SAST] [INFO] Server starting up...
[2025-11-29 06:14:01 SAST] [INFO] Logger initialized - keeping logs for 14 days
[2025-11-29 06:14:01 SAST] [INFO] Server starting up...
[2025-11-29 06:15:49 SAST] [INFO] Logger initialized - keeping logs for 14 days
[2025-11-29 06:15:49 SAST] [INFO] Server starting up...
[2025-11-29 06:17:32 SAST] [INFO] Logger initialized - keeping logs for 14 days
[2025-11-29 06:17:32 SAST] [INFO] Server starting up...
[2025-11-29 06:18:05 SAST] [INFO] Logger initialized - keeping logs for 14 days
[2025-11-29 06:18:05 SAST] [INFO] Server starting up...
[2025-11-29 06:19:03 SAST] [INFO] Logger initialized - keeping logs for 14 days
[2025-11-29 06:19:03 SAST] [INFO] Server starting up...
[2025-11-29 06:19:48 SAST] [INFO] Logger initialized - keeping logs for 14 days
[2025-11-29 06:19:48 SAST] [INFO] Server starting up...
[2025-11-29 06:20:17 SAST] [INFO] Logger initialized - keeping logs for 14 days
[2025-11-29 06:20:17 SAST] [INFO] Server starting up...
[2025-11-29 06:21:24 SAST] [INFO] Logger initialized - keeping logs for 14 days
[2025-11-29 06:21:24 SAST] [INFO] Server starting up...
[2025-11-29 06:23:33 SAST] [INFO] Logger initialized - keeping logs for 14 days
[2025-11-29 06:23:33 SAST] [INFO] Server starting up...
[2025-11-29 06:23:52 SAST] [INFO] Logger initialized - keeping logs for 14 days
[2025-11-29 06:23:52 SAST] [INFO] Server starting up...
[2025-11-29 06:24:57 SAST] [INFO] Logger initialized - keeping logs for 14 days
[2025-11-29 06:24:57 SAST] [INFO] Server starting up...
[2025-11-29 06:29:21 SAST] [INFO] Logger initialized - keeping logs for 14 days
[2025-11-29 06:29:21 SAST] [INFO] Server starting up...
[2025-11-29 06:34:48 SAST] [INFO] Logger initialized - keeping logs for 14 days
[2025-11-29 06:34:48 SAST] [INFO] Server starting up...
[2025-11-29 07:20:16 SAST] [INFO] Logger initialized - keeping logs for 14 days
[2025-11-29 07:20:16 SAST] [INFO] Server starting up...
[2025-11-29 07:23:21 SAST] [INFO] Logger initialized - keeping logs for 14 days
[2025-11-29 07:23:21 SAST] [INFO] Server starting up...
[2025-11-29 07:26:26 SAST] [INFO] Logger initialized - keeping logs for 14 days
[2025-11-29 07:26:26 SAST] [INFO] Server starting up...
[2025-11-29 07:27:05 SAST] [INFO] Logger initialized - keeping logs for 14 days
[2025-11-29 07:27:05 SAST] [INFO] Server starting up...
[2025-11-29 07:27:31 SAST] [INFO] Logger initialized - keeping logs for 14 days
[2025-11-29 07:27:31 SAST] [INFO] Server starting up...
[2025-11-29 07:28:18 SAST] [INFO] Logger initialized - keeping logs for 14 days
[2025-11-29 07:28:18 SAST] [INFO] Server starting up...
[2025-11-29 07:29:51 SAST] [INFO] Logger initialized - keeping logs for 14 days
[2025-11-29 07:29:51 SAST] [INFO] Server starting up...
[2025-11-29 07:30:15 SAST] [INFO] Logger initialized - keeping logs for 14 days
[2025-11-29 07:30:15 SAST] [INFO] Server starting up...
[2025-11-29 07:31:13 SAST] [INFO] Logger initialized - keeping logs for 14 days
[2025-11-29 07:31:13 SAST] [INFO] Server starting up...
[2025-11-29 07:33:46 SAST] [INFO] Logger initialized - keeping logs for 14 days
[2025-11-29 07:33:46 SAST] [INFO] Server starting up...
[2025-11-29 07:34:06 SAST] [INFO] Logger initialized - keeping logs for 14 days
[2025-11-29 07:34:06 SAST] [INFO] Server starting up...
[2025-11-29 07:35:16 SAST] [INFO] Logger initialized - keeping logs for 14 days
[2025-11-29 07:35:16 SAST] [INFO] Server starting up...
[2025-11-29 07:57:39 SAST] [INFO] Logger initialized - keeping logs for 14 days
[2025-11-29 07:57:39 SAST] [INFO] Server starting up...
[2025-11-29 07:59:56 SAST] [INFO] Logger initialized - keeping logs for 14 days
[2025-11-29 07:59:56 SAST] [INFO] Server starting up...
[2025-11-29 08:01:56 SAST] [INFO] Logger initialized - keeping logs for 14 days
[2025-11-29 08:01:56 SAST] [INFO] Server starting up...
[2025-11-29 08:06:26 SAST] [INFO] Logger initialized - keeping logs for 14 days
[2025-11-29 08:06:26 SAST] [INFO] Server starting up...
